<?xml version="1.0" encoding="utf-8"?>
<!DOCTYPE coverage SYSTEM "http://cobertura.sourceforge.net/xml/coverage-04.dtd">
<coverage line-rate="0.968166849615807" branch-rate="0.943820224719101" lines-covered="882" lines-valid="911" branches-covered="168" branches-valid="178" complexity="288" version="0" timestamp="1729632806">
  <sources>
    <source>C:\</source>
  </sources>
  <packages>
    <package name="ReportGen" line-rate="0.930795847750865" branch-rate="0.941860465116279" complexity="209">
      <classes>
        <class name="ReportGen.ConvertOptions" filename="C:\dev\WalkingClubAdmin\ReportGen\ConvertOptions.cs" line-rate="1" branch-rate="1" complexity="20">
          <methods>
            <method name="get_ConvertFolder" signature="()" line-rate="1" branch-rate="1" complexity="1">
              <lines>
                <line number="8" hits="15" branch="false" />
              </lines>
            </method>
            <method name="get_FileName" signature="()" line-rate="1" branch-rate="1" complexity="1">
              <lines>
                <line number="9" hits="8" branch="false" />
              </lines>
            </method>
            <method name="get_FolderPath" signature="()" line-rate="1" branch-rate="1" complexity="1">
              <lines>
                <line number="10" hits="7" branch="false" />
              </lines>
            </method>
            <method name="get_OutputPath" signature="()" line-rate="1" branch-rate="1" complexity="1">
              <lines>
                <line number="11" hits="20" branch="false" />
              </lines>
            </method>
            <method name="Validate" signature="()" line-rate="1" branch-rate="1" complexity="16">
              <lines>
                <line number="15" hits="7" branch="true" condition-coverage="100% (2/2)" />
                <line number="17" hits="1" branch="false" />
                <line number="20" hits="6" branch="true" condition-coverage="100% (2/2)" />
                <line number="22" hits="1" branch="false" />
                <line number="25" hits="5" branch="true" condition-coverage="100% (2/2)" />
                <line number="27" hits="2" branch="true" condition-coverage="100% (2/2)" />
                <line number="29" hits="1" branch="false" />
                <line number="32" hits="1" branch="true" condition-coverage="100% (2/2)" />
                <line number="34" hits="1" branch="false" />
                <line number="38" hits="3" branch="true" condition-coverage="100% (2/2)" />
                <line number="40" hits="3" branch="true" condition-coverage="100% (2/2)" />
                <line number="42" hits="1" branch="false" />
                <line number="45" hits="2" branch="true" condition-coverage="100% (2/2)" />
                <line number="47" hits="1" branch="false" />
                <line number="50" hits="1" branch="false" />
              </lines>
            </method>
          </methods>
          <lines>
            <line number="8" hits="15" branch="false" />
            <line number="9" hits="8" branch="false" />
            <line number="10" hits="7" branch="false" />
            <line number="11" hits="20" branch="false" />
            <line number="15" hits="7" branch="true" condition-coverage="100% (2/2)" />
            <line number="17" hits="1" branch="false" />
            <line number="20" hits="6" branch="true" condition-coverage="100% (2/2)" />
            <line number="22" hits="1" branch="false" />
            <line number="25" hits="5" branch="true" condition-coverage="100% (2/2)" />
            <line number="27" hits="2" branch="true" condition-coverage="100% (2/2)" />
            <line number="29" hits="1" branch="false" />
            <line number="32" hits="1" branch="true" condition-coverage="100% (2/2)" />
            <line number="34" hits="1" branch="false" />
            <line number="38" hits="3" branch="true" condition-coverage="100% (2/2)" />
            <line number="40" hits="3" branch="true" condition-coverage="100% (2/2)" />
            <line number="42" hits="1" branch="false" />
            <line number="45" hits="2" branch="true" condition-coverage="100% (2/2)" />
            <line number="47" hits="1" branch="false" />
            <line number="50" hits="1" branch="false" />
          </lines>
        </class>
        <class name="ReportGen.JsonHelper" filename="C:\dev\WalkingClubAdmin\ReportGen\JsonHelper.cs" line-rate="0.986666666666667" branch-rate="0.975" complexity="40">
          <methods>
            <method name="CreatePhotoSets" signature="(...)" line-rate="0.9375" branch-rate="0.833333333333333" complexity="6">
              <lines>
                <line number="14" hits="17" branch="false" />
                <line number="15" hits="17" branch="false" />
                <line number="17" hits="17" branch="true" condition-coverage="50% (1/2)" />
                <line number="19" hits="0" branch="false" />
                <line number="22" hits="40" branch="true" condition-coverage="100% (2/2)" />
                <line number="24" hits="3" branch="false" />
                <line number="25" hits="3" branch="false" />
                <line number="26" hits="3" branch="false" />
                <line number="27" hits="3" branch="false" />
                <line number="28" hits="3" branch="false" />
                <line number="29" hits="3" branch="false" />
                <line number="31" hits="16" branch="true" condition-coverage="100% (2/2)" />
                <line number="33" hits="5" branch="false" />
                <line number="34" hits="5" branch="false" />
                <line number="36" hits="3" branch="false" />
                <line number="39" hits="17" branch="false" />
              </lines>
            </method>
            <method name="FindString" signature="(...)" line-rate="1" branch-rate="1" complexity="2">
              <lines>
                <line number="44" hits="89" branch="false" />
                <line number="45" hits="89" branch="true" condition-coverage="100% (2/2)" />
                <line number="47" hits="73" branch="false" />
                <line number="50" hits="16" branch="false" />
                <line number="51" hits="16" branch="false" />
                <line number="52" hits="16" branch="false" />
              </lines>
            </method>
            <method name="FindDate" signature="(...)" line-rate="1" branch-rate="1" complexity="4">
              <lines>
                <line number="57" hits="31" branch="false" />
                <line number="58" hits="31" branch="true" condition-coverage="100% (2/2)" />
                <line number="60" hits="26" branch="false" />
                <line number="63" hits="5" branch="false" />
                <line number="64" hits="5" branch="true" condition-coverage="100% (2/2)" />
                <line number="66" hits="4" branch="false" />
                <line number="68" hits="5" branch="false" />
                <line number="69" hits="5" branch="false" />
              </lines>
            </method>
            <method name="FindArray" signature="(...)" line-rate="1" branch-rate="1" complexity="8">
              <lines>
                <line number="74" hits="37" branch="false" />
                <line number="75" hits="37" branch="false" />
                <line number="76" hits="37" branch="true" condition-coverage="100% (2/2)" />
                <line number="78" hits="27" branch="false" />
                <line number="81" hits="10" branch="false" />
                <line number="82" hits="10" branch="false" />
                <line number="83" hits="10" branch="false" />
                <line number="85" hits="68" branch="true" condition-coverage="100% (2/2)" />
                <line number="87" hits="24" branch="false" />
                <line number="88" hits="24" branch="true" condition-coverage="100% (2/2)" />
                <line number="90" hits="16" branch="false" />
                <line number="93" hits="24" branch="true" condition-coverage="100% (2/2)" />
                <line number="95" hits="4" branch="false" />
                <line number="98" hits="24" branch="false" />
                <line number="101" hits="10" branch="false" />
              </lines>
            </method>
            <method name="FindEndOfObject" signature="(...)" line-rate="1" branch-rate="1" complexity="8">
              <lines>
                <line number="106" hits="10" branch="false" />
                <line number="109" hits="4708" branch="true" condition-coverage="100% (4/4)" />
                <line number="111" hits="2344" branch="false" />
                <line number="112" hits="2344" branch="true" condition-coverage="100% (2/2)" />
                <line number="114" hits="3" branch="false" />
                <line number="116" hits="2341" branch="true" condition-coverage="100% (2/2)" />
                <line number="118" hits="13" branch="false" />
                <line number="122" hits="10" branch="false" />
              </lines>
            </method>
            <method name="FindObjects" signature="(...)" line-rate="1" branch-rate="1" complexity="12">
              <lines>
                <line number="127" hits="10" branch="false" />
                <line number="128" hits="10" branch="false" />
                <line number="129" hits="10" branch="false" />
                <line number="130" hits="10" branch="false" />
                <line number="131" hits="10" branch="false" />
                <line number="132" hits="10" branch="true" condition-coverage="100% (2/2)" />
                <line number="134" hits="4" branch="false" />
                <line number="137" hits="6" branch="false" />
                <line number="138" hits="6" branch="false" />
                <line number="140" hits="997" branch="true" condition-coverage="100% (2/2)" />
                <line number="143" hits="991" branch="false" />
                <line number="144" hits="991" branch="true" condition-coverage="100% (2/2)" />
                <line number="146" hits="13" branch="true" condition-coverage="100% (2/2)" />
                <line number="148" hits="8" branch="false" />
                <line number="150" hits="13" branch="false" />
                <line number="152" hits="978" branch="true" condition-coverage="100% (2/2)" />
                <line number="154" hits="13" branch="false" />
                <line number="155" hits="13" branch="true" condition-coverage="100% (2/2)" />
                <line number="157" hits="8" branch="false" />
                <line number="158" hits="8" branch="false" />
                <line number="161" hits="991" branch="false" />
                <line number="165" hits="6" branch="false" />
              </lines>
            </method>
          </methods>
          <lines>
            <line number="14" hits="17" branch="false" />
            <line number="15" hits="17" branch="false" />
            <line number="17" hits="17" branch="true" condition-coverage="50% (1/2)" />
            <line number="19" hits="0" branch="false" />
            <line number="22" hits="40" branch="true" condition-coverage="100% (2/2)" />
            <line number="24" hits="3" branch="false" />
            <line number="25" hits="3" branch="false" />
            <line number="26" hits="3" branch="false" />
            <line number="27" hits="3" branch="false" />
            <line number="28" hits="3" branch="false" />
            <line number="29" hits="3" branch="false" />
            <line number="31" hits="16" branch="true" condition-coverage="100% (2/2)" />
            <line number="33" hits="5" branch="false" />
            <line number="34" hits="5" branch="false" />
            <line number="36" hits="3" branch="false" />
            <line number="39" hits="17" branch="false" />
            <line number="44" hits="89" branch="false" />
            <line number="45" hits="89" branch="true" condition-coverage="100% (2/2)" />
            <line number="47" hits="73" branch="false" />
            <line number="50" hits="16" branch="false" />
            <line number="51" hits="16" branch="false" />
            <line number="52" hits="16" branch="false" />
            <line number="57" hits="31" branch="false" />
            <line number="58" hits="31" branch="true" condition-coverage="100% (2/2)" />
            <line number="60" hits="26" branch="false" />
            <line number="63" hits="5" branch="false" />
            <line number="64" hits="5" branch="true" condition-coverage="100% (2/2)" />
            <line number="66" hits="4" branch="false" />
            <line number="68" hits="5" branch="false" />
            <line number="69" hits="5" branch="false" />
            <line number="74" hits="37" branch="false" />
            <line number="75" hits="37" branch="false" />
            <line number="76" hits="37" branch="true" condition-coverage="100% (2/2)" />
            <line number="78" hits="27" branch="false" />
            <line number="81" hits="10" branch="false" />
            <line number="82" hits="10" branch="false" />
            <line number="83" hits="10" branch="false" />
            <line number="85" hits="68" branch="true" condition-coverage="100% (2/2)" />
            <line number="87" hits="24" branch="false" />
            <line number="88" hits="24" branch="true" condition-coverage="100% (2/2)" />
            <line number="90" hits="16" branch="false" />
            <line number="93" hits="24" branch="true" condition-coverage="100% (2/2)" />
            <line number="95" hits="4" branch="false" />
            <line number="98" hits="24" branch="false" />
            <line number="101" hits="10" branch="false" />
            <line number="106" hits="10" branch="false" />
            <line number="109" hits="4708" branch="true" condition-coverage="100% (4/4)" />
            <line number="111" hits="2344" branch="false" />
            <line number="112" hits="2344" branch="true" condition-coverage="100% (2/2)" />
            <line number="114" hits="3" branch="false" />
            <line number="116" hits="2341" branch="true" condition-coverage="100% (2/2)" />
            <line number="118" hits="13" branch="false" />
            <line number="122" hits="10" branch="false" />
            <line number="127" hits="10" branch="false" />
            <line number="128" hits="10" branch="false" />
            <line number="129" hits="10" branch="false" />
            <line number="130" hits="10" branch="false" />
            <line number="131" hits="10" branch="false" />
            <line number="132" hits="10" branch="true" condition-coverage="100% (2/2)" />
            <line number="134" hits="4" branch="false" />
            <line number="137" hits="6" branch="false" />
            <line number="138" hits="6" branch="false" />
            <line number="140" hits="997" branch="true" condition-coverage="100% (2/2)" />
            <line number="143" hits="991" branch="false" />
            <line number="144" hits="991" branch="true" condition-coverage="100% (2/2)" />
            <line number="146" hits="13" branch="true" condition-coverage="100% (2/2)" />
            <line number="148" hits="8" branch="false" />
            <line number="150" hits="13" branch="false" />
            <line number="152" hits="978" branch="true" condition-coverage="100% (2/2)" />
            <line number="154" hits="13" branch="false" />
            <line number="155" hits="13" branch="true" condition-coverage="100% (2/2)" />
            <line number="157" hits="8" branch="false" />
            <line number="158" hits="8" branch="false" />
            <line number="161" hits="991" branch="false" />
            <line number="165" hits="6" branch="false" />
          </lines>
        </class>
        <class name="ReportGen.PhotoList" filename="C:\dev\WalkingClubAdmin\ReportGen\PhotoList.cs" line-rate="1" branch-rate="1" complexity="3">
          <methods>
            <method name="get_Photographer" signature="()" line-rate="1" branch-rate="1" complexity="1">
              <lines>
                <line number="11" hits="25" branch="false" />
              </lines>
            </method>
            <method name="get_Photos" signature="()" line-rate="1" branch-rate="1" complexity="1">
              <lines>
                <line number="12" hits="82" branch="false" />
              </lines>
            </method>
            <method name="ToJson" signature="()" line-rate="1" branch-rate="1" complexity="1">
              <lines>
                <line number="15" hits="2" branch="false" />
                <line number="16" hits="6" branch="false" />
                <line number="18" hits="2" branch="false" />
              </lines>
            </method>
          </methods>
          <lines>
            <line number="11" hits="25" branch="false" />
            <line number="12" hits="82" branch="false" />
            <line number="15" hits="2" branch="false" />
            <line number="16" hits="6" branch="false" />
            <line number="18" hits="2" branch="false" />
          </lines>
        </class>
        <class name="ReportGen.PhotoService" filename="C:\dev\WalkingClubAdmin\ReportGen\PhotoService.cs" line-rate="1" branch-rate="1" complexity="4">
          <methods>
            <method name="StripPathFromFilename" signature="(...)" line-rate="1" branch-rate="1" complexity="4">
              <lines>
                <line number="7" hits="59" branch="true" condition-coverage="100% (2/2)" />
                <line number="9" hits="12" branch="false" />
                <line number="14" hits="47" branch="false" />
                <line number="16" hits="47" branch="true" condition-coverage="100% (2/2)" />
                <line number="18" hits="46" branch="false" />
                <line number="21" hits="1" branch="false" />
              </lines>
            </method>
          </methods>
          <lines>
            <line number="7" hits="59" branch="true" condition-coverage="100% (2/2)" />
            <line number="9" hits="12" branch="false" />
            <line number="14" hits="47" branch="false" />
            <line number="16" hits="47" branch="true" condition-coverage="100% (2/2)" />
            <line number="18" hits="46" branch="false" />
            <line number="21" hits="1" branch="false" />
          </lines>
        </class>
        <class name="ReportGen.Report" filename="C:\dev\WalkingClubAdmin\ReportGen\Report.cs" line-rate="1" branch-rate="0.928571428571429" complexity="69">
          <methods>
            <method name="get_Id" signature="()" line-rate="1" branch-rate="1" complexity="1">
              <lines>
                <line number="10" hits="50" branch="false" />
              </lines>
            </method>
            <method name="get_Date" signature="()" line-rate="1" branch-rate="1" complexity="1">
              <lines>
                <line number="11" hits="71" branch="false" />
              </lines>
            </method>
            <method name="get_EndDate" signature="()" line-rate="1" branch-rate="1" complexity="1">
              <lines>
                <line number="12" hits="39" branch="false" />
              </lines>
            </method>
            <method name="get_Year" signature="()" line-rate="1" branch-rate="1" complexity="1">
              <lines>
                <line number="13" hits="20" branch="false" />
              </lines>
            </method>
            <method name="get_Title" signature="()" line-rate="1" branch-rate="1" complexity="1">
              <lines>
                <line number="14" hits="46" branch="false" />
              </lines>
            </method>
            <method name="get_SubjectType" signature="()" line-rate="1" branch-rate="1" complexity="1">
              <lines>
                <line number="15" hits="92" branch="false" />
              </lines>
            </method>
            <method name="get_ReportType" signature="()" line-rate="1" branch-rate="1" complexity="4">
              <lines>
                <line number="20" hits="20" branch="true" condition-coverage="100% (4/4)" />
                <line number="21" hits="20" branch="false" />
                <line number="22" hits="8" branch="false" />
                <line number="23" hits="4" branch="false" />
                <line number="24" hits="8" branch="false" />
                <line number="25" hits="20" branch="false" />
              </lines>
            </method>
            <method name="get_Parent" signature="()" line-rate="1" branch-rate="1" complexity="1">
              <lines>
                <line number="28" hits="8" branch="false" />
              </lines>
            </method>
            <method name="get_Text" signature="()" line-rate="1" branch-rate="1" complexity="1">
              <lines>
                <line number="29" hits="49" branch="false" />
              </lines>
            </method>
            <method name="get_Author" signature="()" line-rate="1" branch-rate="1" complexity="1">
              <lines>
                <line number="30" hits="43" branch="false" />
              </lines>
            </method>
            <method name="get_Rating" signature="()" line-rate="1" branch-rate="1" complexity="1">
              <lines>
                <line number="31" hits="43" branch="false" />
              </lines>
            </method>
            <method name="get_CoverPhoto" signature="()" line-rate="1" branch-rate="1" complexity="1">
              <lines>
                <line number="32" hits="46" branch="false" />
              </lines>
            </method>
            <method name="get_PhotoSets" signature="()" line-rate="1" branch-rate="1" complexity="1">
              <lines>
                <line number="33" hits="60" branch="false" />
              </lines>
            </method>
            <method name="ToJson" signature="()" line-rate="1" branch-rate="0.863636363636364" complexity="22">
              <lines>
                <line number="78" hits="5" branch="false" />
                <line number="79" hits="5" branch="false" />
                <line number="80" hits="5" branch="false" />
                <line number="81" hits="5" branch="false" />
                <line number="82" hits="5" branch="true" condition-coverage="100% (2/2)" />
                <line number="84" hits="1" branch="false" />
                <line number="86" hits="5" branch="false" />
                <line number="87" hits="5" branch="false" />
                <line number="88" hits="5" branch="true" condition-coverage="100% (2/2)" />
                <line number="90" hits="2" branch="false" />
                <line number="92" hits="5" branch="true" condition-coverage="100% (4/4)" />
                <line number="94" hits="8" branch="false" />
                <line number="95" hits="3" branch="false" />
                <line number="97" hits="5" branch="true" condition-coverage="100% (2/2)" />
                <line number="99" hits="4" branch="false" />
                <line number="100" hits="4" branch="false" />
                <line number="102" hits="5" branch="true" condition-coverage="75% (3/4)" />
                <line number="103" hits="5" branch="true" condition-coverage="83% (5/6)" />
                <line number="105" hits="4" branch="true" condition-coverage="50% (1/2)" />
                <line number="107" hits="5" branch="false" />
                <line number="109" hits="5" branch="false" />
              </lines>
            </method>
            <method name="ToMarkDown" signature="()" line-rate="1" branch-rate="1" complexity="1">
              <lines>
                <line number="114" hits="5" branch="false" />
                <line number="116" hits="5" branch="false" />
                <line number="117" hits="5" branch="false" />
                <line number="118" hits="5" branch="false" />
              </lines>
            </method>
            <method name="CreateFrontmatter" signature="(...)" line-rate="1" branch-rate="1" complexity="4">
              <lines>
                <line number="123" hits="5" branch="false" />
                <line number="124" hits="5" branch="false" />
                <line number="125" hits="5" branch="false" />
                <line number="126" hits="5" branch="true" condition-coverage="100% (2/2)" />
                <line number="128" hits="1" branch="false" />
                <line number="130" hits="5" branch="false" />
                <line number="131" hits="5" branch="false" />
                <line number="132" hits="5" branch="true" condition-coverage="100% (2/2)" />
                <line number="134" hits="2" branch="false" />
                <line number="136" hits="5" branch="false" />
                <line number="137" hits="5" branch="false" />
                <line number="138" hits="5" branch="false" />
                <line number="139" hits="5" branch="false" />
              </lines>
            </method>
            <method name="CreateBody" signature="(...)" line-rate="1" branch-rate="0.928571428571429" complexity="14">
              <lines>
                <line number="143" hits="5" branch="true" condition-coverage="100% (4/4)" />
                <line number="145" hits="18" branch="true" condition-coverage="100% (2/2)" />
                <line number="147" hits="6" branch="false" />
                <line number="148" hits="6" branch="false" />
                <line number="152" hits="5" branch="true" condition-coverage="100% (2/2)" />
                <line number="154" hits="3" branch="false" />
                <line number="155" hits="3" branch="false" />
                <line number="158" hits="5" branch="true" condition-coverage="75% (3/4)" />
                <line number="160" hits="12" branch="true" condition-coverage="100% (2/2)" />
                <line number="162" hits="3" branch="false" />
                <line number="165" hits="5" branch="false" />
              </lines>
            </method>
            <method name="CreatePhotoSet" signature="(...)" line-rate="1" branch-rate="1" complexity="2">
              <lines>
                <line number="169" hits="3" branch="false" />
                <line number="170" hits="3" branch="false" />
                <line number="171" hits="3" branch="false" />
                <line number="172" hits="3" branch="false" />
                <line number="173" hits="3" branch="false" />
                <line number="175" hits="24" branch="true" condition-coverage="100% (2/2)" />
                <line number="177" hits="9" branch="false" />
                <line number="179" hits="3" branch="false" />
                <line number="180" hits="3" branch="false" />
                <line number="181" hits="3" branch="false" />
              </lines>
            </method>
            <method name="CreatePhoto" signature="(...)" line-rate="1" branch-rate="1" complexity="4">
              <lines>
                <line number="185" hits="9" branch="true" condition-coverage="100% (2/2)" />
                <line number="186" hits="9" branch="true" condition-coverage="100% (2/2)" />
                <line number="188" hits="6" branch="false" />
                <line number="190" hits="9" branch="false" />
                <line number="191" hits="9" branch="false" />
              </lines>
            </method>
            <method name=".ctor" signature="(...)" line-rate="1" branch-rate="1" complexity="4">
              <lines>
                <line number="35" hits="20" branch="false" />
                <line number="37" hits="20" branch="false" />
                <line number="38" hits="20" branch="false" />
                <line number="39" hits="20" branch="false" />
                <line number="40" hits="20" branch="false" />
                <line number="41" hits="20" branch="false" />
                <line number="42" hits="20" branch="false" />
                <line number="43" hits="20" branch="false" />
                <line number="44" hits="20" branch="false" />
                <line number="46" hits="20" branch="true" condition-coverage="100% (2/2)" />
                <line number="48" hits="2" branch="false" />
                <line number="50" hits="20" branch="true" condition-coverage="100% (2/2)" />
                <line number="52" hits="25" branch="false" />
                <line number="55" hits="20" branch="false" />
                <line number="56" hits="20" branch="false" />
              </lines>
            </method>
            <method name=".ctor" signature="(...)" line-rate="1" branch-rate="1" complexity="2">
              <lines>
                <line number="58" hits="14" branch="false" />
                <line number="60" hits="14" branch="false" />
                <line number="61" hits="14" branch="false" />
                <line number="62" hits="14" branch="false" />
                <line number="63" hits="14" branch="false" />
                <line number="64" hits="14" branch="false" />
                <line number="65" hits="14" branch="true" condition-coverage="100% (2/2)" />
                <line number="67" hits="2" branch="false" />
                <line number="69" hits="14" branch="false" />
                <line number="70" hits="14" branch="false" />
                <line number="71" hits="14" branch="false" />
                <line number="72" hits="14" branch="false" />
                <line number="73" hits="14" branch="false" />
                <line number="74" hits="14" branch="false" />
              </lines>
            </method>
          </methods>
          <lines>
            <line number="10" hits="50" branch="false" />
            <line number="11" hits="71" branch="false" />
            <line number="12" hits="39" branch="false" />
            <line number="13" hits="20" branch="false" />
            <line number="14" hits="46" branch="false" />
            <line number="15" hits="92" branch="false" />
            <line number="20" hits="20" branch="true" condition-coverage="100% (4/4)" />
            <line number="21" hits="20" branch="false" />
            <line number="22" hits="8" branch="false" />
            <line number="23" hits="4" branch="false" />
            <line number="24" hits="8" branch="false" />
            <line number="25" hits="20" branch="false" />
            <line number="28" hits="8" branch="false" />
            <line number="29" hits="49" branch="false" />
            <line number="30" hits="43" branch="false" />
            <line number="31" hits="43" branch="false" />
            <line number="32" hits="46" branch="false" />
            <line number="33" hits="60" branch="false" />
            <line number="35" hits="20" branch="false" />
            <line number="37" hits="20" branch="false" />
            <line number="38" hits="20" branch="false" />
            <line number="39" hits="20" branch="false" />
            <line number="40" hits="20" branch="false" />
            <line number="41" hits="20" branch="false" />
            <line number="42" hits="20" branch="false" />
            <line number="43" hits="20" branch="false" />
            <line number="44" hits="20" branch="false" />
            <line number="46" hits="20" branch="true" condition-coverage="100% (2/2)" />
            <line number="48" hits="2" branch="false" />
            <line number="50" hits="20" branch="true" condition-coverage="100% (2/2)" />
            <line number="52" hits="25" branch="false" />
            <line number="55" hits="20" branch="false" />
            <line number="56" hits="20" branch="false" />
            <line number="58" hits="14" branch="false" />
            <line number="60" hits="14" branch="false" />
            <line number="61" hits="14" branch="false" />
            <line number="62" hits="14" branch="false" />
            <line number="63" hits="14" branch="false" />
            <line number="64" hits="14" branch="false" />
            <line number="65" hits="14" branch="true" condition-coverage="100% (2/2)" />
            <line number="67" hits="2" branch="false" />
            <line number="69" hits="14" branch="false" />
            <line number="70" hits="14" branch="false" />
            <line number="71" hits="14" branch="false" />
            <line number="72" hits="14" branch="false" />
            <line number="73" hits="14" branch="false" />
            <line number="74" hits="14" branch="false" />
            <line number="78" hits="5" branch="false" />
            <line number="79" hits="5" branch="false" />
            <line number="80" hits="5" branch="false" />
            <line number="81" hits="5" branch="false" />
            <line number="82" hits="5" branch="true" condition-coverage="100% (2/2)" />
            <line number="84" hits="1" branch="false" />
            <line number="86" hits="5" branch="false" />
            <line number="87" hits="5" branch="false" />
            <line number="88" hits="5" branch="true" condition-coverage="100% (2/2)" />
            <line number="90" hits="2" branch="false" />
            <line number="92" hits="5" branch="true" condition-coverage="100% (4/4)" />
            <line number="94" hits="8" branch="false" />
            <line number="95" hits="3" branch="false" />
            <line number="97" hits="5" branch="true" condition-coverage="100% (2/2)" />
            <line number="99" hits="4" branch="false" />
            <line number="100" hits="4" branch="false" />
            <line number="102" hits="5" branch="true" condition-coverage="75% (3/4)" />
            <line number="103" hits="5" branch="true" condition-coverage="83% (5/6)" />
            <line number="105" hits="4" branch="true" condition-coverage="50% (1/2)" />
            <line number="107" hits="5" branch="false" />
            <line number="109" hits="5" branch="false" />
            <line number="114" hits="5" branch="false" />
            <line number="116" hits="5" branch="false" />
            <line number="117" hits="5" branch="false" />
            <line number="118" hits="5" branch="false" />
            <line number="123" hits="5" branch="false" />
            <line number="124" hits="5" branch="false" />
            <line number="125" hits="5" branch="false" />
            <line number="126" hits="5" branch="true" condition-coverage="100% (2/2)" />
            <line number="128" hits="1" branch="false" />
            <line number="130" hits="5" branch="false" />
            <line number="131" hits="5" branch="false" />
            <line number="132" hits="5" branch="true" condition-coverage="100% (2/2)" />
            <line number="134" hits="2" branch="false" />
            <line number="136" hits="5" branch="false" />
            <line number="137" hits="5" branch="false" />
            <line number="138" hits="5" branch="false" />
            <line number="139" hits="5" branch="false" />
            <line number="143" hits="5" branch="true" condition-coverage="100% (4/4)" />
            <line number="145" hits="18" branch="true" condition-coverage="100% (2/2)" />
            <line number="147" hits="6" branch="false" />
            <line number="148" hits="6" branch="false" />
            <line number="152" hits="5" branch="true" condition-coverage="100% (2/2)" />
            <line number="154" hits="3" branch="false" />
            <line number="155" hits="3" branch="false" />
            <line number="158" hits="5" branch="true" condition-coverage="75% (3/4)" />
            <line number="160" hits="12" branch="true" condition-coverage="100% (2/2)" />
            <line number="162" hits="3" branch="false" />
            <line number="165" hits="5" branch="false" />
            <line number="169" hits="3" branch="false" />
            <line number="170" hits="3" branch="false" />
            <line number="171" hits="3" branch="false" />
            <line number="172" hits="3" branch="false" />
            <line number="173" hits="3" branch="false" />
            <line number="175" hits="24" branch="true" condition-coverage="100% (2/2)" />
            <line number="177" hits="9" branch="false" />
            <line number="179" hits="3" branch="false" />
            <line number="180" hits="3" branch="false" />
            <line number="181" hits="3" branch="false" />
            <line number="185" hits="9" branch="true" condition-coverage="100% (2/2)" />
            <line number="186" hits="9" branch="true" condition-coverage="100% (2/2)" />
            <line number="188" hits="6" branch="false" />
            <line number="190" hits="9" branch="false" />
            <line number="191" hits="9" branch="false" />
          </lines>
        </class>
        <class name="ReportGen.ReportConverter" filename="C:\dev\WalkingClubAdmin\ReportGen\ReportConverter.cs" line-rate="0" branch-rate="0" complexity="6">
          <methods>
            <method name="Convert" signature="()" line-rate="0" branch-rate="0" complexity="2">
              <lines>
                <line number="17" hits="0" branch="true" condition-coverage="0% (0/2)" />
                <line number="19" hits="0" branch="false" />
                <line number="23" hits="0" branch="false" />
                <line number="25" hits="0" branch="false" />
              </lines>
            </method>
            <method name="ConvertFolder" signature="()" line-rate="0" branch-rate="0" complexity="2">
              <lines>
                <line number="29" hits="0" branch="false" />
                <line number="30" hits="0" branch="true" condition-coverage="0% (0/2)" />
                <line number="32" hits="0" branch="false" />
                <line number="34" hits="0" branch="false" />
              </lines>
            </method>
            <method name="ConvertFile" signature="(...)" line-rate="0" branch-rate="1" complexity="1">
              <lines>
                <line number="38" hits="0" branch="false" />
                <line number="39" hits="0" branch="false" />
                <line number="41" hits="0" branch="false" />
                <line number="42" hits="0" branch="false" />
                <line number="43" hits="0" branch="false" />
                <line number="44" hits="0" branch="false" />
              </lines>
            </method>
            <method name=".ctor" signature="(...)" line-rate="0" branch-rate="1" complexity="1">
              <lines>
                <line number="10" hits="0" branch="false" />
                <line number="12" hits="0" branch="false" />
                <line number="13" hits="0" branch="false" />
              </lines>
            </method>
          </methods>
          <lines>
            <line number="10" hits="0" branch="false" />
            <line number="12" hits="0" branch="false" />
            <line number="13" hits="0" branch="false" />
            <line number="17" hits="0" branch="true" condition-coverage="0% (0/2)" />
            <line number="19" hits="0" branch="false" />
            <line number="23" hits="0" branch="false" />
            <line number="25" hits="0" branch="false" />
            <line number="29" hits="0" branch="false" />
            <line number="30" hits="0" branch="true" condition-coverage="0% (0/2)" />
            <line number="32" hits="0" branch="false" />
            <line number="34" hits="0" branch="false" />
            <line number="38" hits="0" branch="false" />
            <line number="39" hits="0" branch="false" />
            <line number="41" hits="0" branch="false" />
            <line number="42" hits="0" branch="false" />
            <line number="43" hits="0" branch="false" />
            <line number="44" hits="0" branch="false" />
          </lines>
        </class>
        <class name="ReportGen.ReportData" filename="C:\dev\WalkingClubAdmin\ReportGen\ReportData.cs" line-rate="0.978260869565217" branch-rate="0.979166666666667" complexity="60">
          <methods>
            <method name="get_Id" signature="()" line-rate="1" branch-rate="1" complexity="1">
              <lines>
                <line number="8" hits="50" branch="false" />
              </lines>
            </method>
            <method name="get_Title" signature="()" line-rate="1" branch-rate="1" complexity="1">
              <lines>
                <line number="9" hits="48" branch="false" />
              </lines>
            </method>
            <method name="get_SubjectType" signature="()" line-rate="1" branch-rate="1" complexity="1">
              <lines>
                <line number="10" hits="68" branch="false" />
              </lines>
            </method>
            <method name="get_Date" signature="()" line-rate="1" branch-rate="1" complexity="1">
              <lines>
                <line number="11" hits="62" branch="false" />
              </lines>
            </method>
            <method name="get_EndDate" signature="()" line-rate="1" branch-rate="1" complexity="1">
              <lines>
                <line number="12" hits="31" branch="false" />
              </lines>
            </method>
            <method name="get_Parent" signature="()" line-rate="1" branch-rate="1" complexity="1">
              <lines>
                <line number="13" hits="4" branch="false" />
              </lines>
            </method>
            <method name="get_Report" signature="()" line-rate="1" branch-rate="1" complexity="1">
              <lines>
                <line number="14" hits="36" branch="false" />
              </lines>
            </method>
            <method name="get_ReportBy" signature="()" line-rate="1" branch-rate="1" complexity="1">
              <lines>
                <line number="15" hits="26" branch="false" />
              </lines>
            </method>
            <method name="get_Rating" signature="()" line-rate="1" branch-rate="1" complexity="1">
              <lines>
                <line number="16" hits="26" branch="false" />
              </lines>
            </method>
            <method name="get_CoverPhoto" signature="()" line-rate="1" branch-rate="1" complexity="1">
              <lines>
                <line number="17" hits="29" branch="false" />
              </lines>
            </method>
            <method name="get_Photographer" signature="()" line-rate="1" branch-rate="1" complexity="1">
              <lines>
                <line number="18" hits="4" branch="false" />
              </lines>
            </method>
            <method name="get_PhotoSets" signature="()" line-rate="1" branch-rate="1" complexity="1">
              <lines>
                <line number="19" hits="75" branch="false" />
              </lines>
            </method>
            <method name="CreatePhotoList" signature="(...)" line-rate="1" branch-rate="1" complexity="6">
              <lines>
                <line number="33" hits="34" branch="true" condition-coverage="100% (2/2)" />
                <line number="35" hits="9" branch="false" />
                <line number="36" hits="76" branch="true" condition-coverage="100% (2/2)" />
                <line number="38" hits="29" branch="true" condition-coverage="100% (2/2)" />
                <line number="40" hits="10" branch="false" />
                <line number="41" hits="10" branch="false" />
                <line number="42" hits="10" branch="false" />
                <line number="44" hits="29" branch="false" />
                <line number="47" hits="34" branch="false" />
              </lines>
            </method>
            <method name="Validate" signature="()" line-rate="1" branch-rate="1" complexity="24">
              <lines>
                <line number="51" hits="11" branch="true" condition-coverage="100% (2/2)" />
                <line number="53" hits="1" branch="false" />
                <line number="55" hits="10" branch="true" condition-coverage="100% (2/2)" />
                <line number="57" hits="1" branch="false" />
                <line number="59" hits="9" branch="true" condition-coverage="100% (2/2)" />
                <line number="61" hits="1" branch="false" />
                <line number="63" hits="8" branch="true" condition-coverage="100% (4/4)" />
                <line number="65" hits="2" branch="false" />
                <line number="67" hits="6" branch="true" condition-coverage="100% (2/2)" />
                <line number="69" hits="3" branch="false" />
                <line number="71" hits="3" branch="true" condition-coverage="100% (8/8)" />
                <line number="73" hits="1" branch="false" />
                <line number="75" hits="2" branch="true" condition-coverage="100% (4/4)" />
                <line number="77" hits="1" branch="false" />
                <line number="79" hits="1" branch="false" />
              </lines>
            </method>
            <method name="ValidateGroupOptions" signature="()" line-rate="0.8" branch-rate="0.833333333333333" complexity="6">
              <lines>
                <line number="84" hits="3" branch="true" condition-coverage="100% (2/2)" />
                <line number="86" hits="1" branch="false" />
                <line number="88" hits="2" branch="true" condition-coverage="75% (3/4)" />
                <line number="90" hits="2" branch="false" />
                <line number="92" hits="0" branch="false" />
              </lines>
            </method>
            <method name=".ctor" signature="(...)" line-rate="1" branch-rate="1" complexity="12">
              <lines>
                <line number="21" hits="36" branch="false" />
                <line number="23" hits="36" branch="true" condition-coverage="100% (12/12)" />
                <line number="25" hits="2" branch="false" />
                <line number="28" hits="34" branch="false" />
                <line number="29" hits="34" branch="false" />
              </lines>
            </method>
          </methods>
          <lines>
            <line number="8" hits="50" branch="false" />
            <line number="9" hits="48" branch="false" />
            <line number="10" hits="68" branch="false" />
            <line number="11" hits="62" branch="false" />
            <line number="12" hits="31" branch="false" />
            <line number="13" hits="4" branch="false" />
            <line number="14" hits="36" branch="false" />
            <line number="15" hits="26" branch="false" />
            <line number="16" hits="26" branch="false" />
            <line number="17" hits="29" branch="false" />
            <line number="18" hits="4" branch="false" />
            <line number="19" hits="75" branch="false" />
            <line number="21" hits="36" branch="false" />
            <line number="23" hits="36" branch="true" condition-coverage="100% (12/12)" />
            <line number="25" hits="2" branch="false" />
            <line number="28" hits="34" branch="false" />
            <line number="29" hits="34" branch="false" />
            <line number="33" hits="34" branch="true" condition-coverage="100% (2/2)" />
            <line number="35" hits="9" branch="false" />
            <line number="36" hits="76" branch="true" condition-coverage="100% (2/2)" />
            <line number="38" hits="29" branch="true" condition-coverage="100% (2/2)" />
            <line number="40" hits="10" branch="false" />
            <line number="41" hits="10" branch="false" />
            <line number="42" hits="10" branch="false" />
            <line number="44" hits="29" branch="false" />
            <line number="47" hits="34" branch="false" />
            <line number="51" hits="11" branch="true" condition-coverage="100% (2/2)" />
            <line number="53" hits="1" branch="false" />
            <line number="55" hits="10" branch="true" condition-coverage="100% (2/2)" />
            <line number="57" hits="1" branch="false" />
            <line number="59" hits="9" branch="true" condition-coverage="100% (2/2)" />
            <line number="61" hits="1" branch="false" />
            <line number="63" hits="8" branch="true" condition-coverage="100% (4/4)" />
            <line number="65" hits="2" branch="false" />
            <line number="67" hits="6" branch="true" condition-coverage="100% (2/2)" />
            <line number="69" hits="3" branch="false" />
            <line number="71" hits="3" branch="true" condition-coverage="100% (8/8)" />
            <line number="73" hits="1" branch="false" />
            <line number="75" hits="2" branch="true" condition-coverage="100% (4/4)" />
            <line number="77" hits="1" branch="false" />
            <line number="79" hits="1" branch="false" />
            <line number="84" hits="3" branch="true" condition-coverage="100% (2/2)" />
            <line number="86" hits="1" branch="false" />
            <line number="88" hits="2" branch="true" condition-coverage="75% (3/4)" />
            <line number="90" hits="2" branch="false" />
            <line number="92" hits="0" branch="false" />
          </lines>
        </class>
        <class name="ReportGen.ReportList" filename="C:\dev\WalkingClubAdmin\ReportGen\ReportList.cs" line-rate="0" branch-rate="1" complexity="1">
          <methods>
            <method name="get_Reports" signature="()" line-rate="0" branch-rate="1" complexity="1">
              <lines>
                <line number="6" hits="0" branch="false" />
              </lines>
            </method>
          </methods>
          <lines>
            <line number="6" hits="0" branch="false" />
          </lines>
        </class>
        <class name="ReportGen.ReportPhoto" filename="C:\dev\WalkingClubAdmin\ReportGen\ReportPhoto.cs" line-rate="1" branch-rate="1" complexity="6">
          <methods>
            <method name="get_Filename" signature="()" line-rate="1" branch-rate="1" complexity="1">
              <lines>
                <line number="7" hits="59" branch="false" />
              </lines>
            </method>
            <method name="get_Caption" signature="()" line-rate="1" branch-rate="1" complexity="1">
              <lines>
                <line number="8" hits="80" branch="false" />
              </lines>
            </method>
            <method name="ToJson" signature="()" line-rate="1" branch-rate="1" complexity="2">
              <lines>
                <line number="23" hits="6" branch="true" condition-coverage="100% (2/2)" />
              </lines>
            </method>
            <method name=".ctor" signature="(...)" line-rate="1" branch-rate="1" complexity="2">
              <lines>
                <line number="10" hits="38" branch="false" />
                <line number="12" hits="38" branch="true" condition-coverage="100% (2/2)" />
                <line number="14" hits="2" branch="false" />
                <line number="17" hits="36" branch="false" />
                <line number="18" hits="36" branch="false" />
                <line number="19" hits="36" branch="false" />
              </lines>
            </method>
          </methods>
          <lines>
            <line number="7" hits="59" branch="false" />
            <line number="8" hits="80" branch="false" />
            <line number="10" hits="38" branch="false" />
            <line number="12" hits="38" branch="true" condition-coverage="100% (2/2)" />
            <line number="14" hits="2" branch="false" />
            <line number="17" hits="36" branch="false" />
            <line number="18" hits="36" branch="false" />
            <line number="19" hits="36" branch="false" />
            <line number="23" hits="6" branch="true" condition-coverage="100% (2/2)" />
          </lines>
        </class>
      </classes>
    </package>
    <package name="ReportGen.Tests" line-rate="0.985530546623794" branch-rate="1" complexity="79">
      <classes>
        <class name="AutoGeneratedProgram" filename="C:\Users\paulw\.nuget\packages\microsoft.net.test.sdk\16.9.4\build\netcoreapp2.1\Microsoft.NET.Test.Sdk.Program.cs" line-rate="0" branch-rate="1" complexity="1">
          <methods>
            <method name="Main" signature="(...)" line-rate="0" branch-rate="1" complexity="1">
              <lines>
                <line number="4" hits="0" branch="false" />
              </lines>
            </method>
          </methods>
          <lines>
            <line number="4" hits="0" branch="false" />
          </lines>
        </class>
        <class name="ReportGen.Tests.ConvertOptionsTests" filename="C:\dev\WalkingClubAdmin\ReportGen.Tests\ConvertOptionsTests.cs" line-rate="1" branch-rate="1" complexity="7">
          <methods>
            <method name="ValidateShouldErrorIfNoOutputFolder" signature="()" line-rate="1" branch-rate="1" complexity="1">
              <lines>
                <line number="11" hits="1" branch="false" />
                <line number="12" hits="1" branch="false" />
                <line number="13" hits="1" branch="false" />
                <line number="14" hits="1" branch="false" />
                <line number="15" hits="1" branch="false" />
                <line number="17" hits="2" branch="false" />
                <line number="18" hits="1" branch="false" />
                <line number="19" hits="1" branch="false" />
              </lines>
            </method>
            <method name="ValidateShouldErrorIfOutputFolderDoesNotExist" signature="()" line-rate="1" branch-rate="1" complexity="1">
              <lines>
                <line number="24" hits="1" branch="false" />
                <line number="25" hits="1" branch="false" />
                <line number="26" hits="1" branch="false" />
                <line number="27" hits="1" branch="false" />
                <line number="28" hits="1" branch="false" />
                <line number="29" hits="1" branch="false" />
                <line number="31" hits="2" branch="false" />
                <line number="32" hits="1" branch="false" />
                <line number="33" hits="1" branch="false" />
              </lines>
            </method>
            <method name="ValidateShouldErrorIfFolderSelectedAndNoFolder" signature="()" line-rate="1" branch-rate="1" complexity="1">
              <lines>
                <line number="38" hits="1" branch="false" />
                <line number="39" hits="1" branch="false" />
                <line number="40" hits="1" branch="false" />
                <line number="41" hits="1" branch="false" />
                <line number="42" hits="1" branch="false" />
                <line number="44" hits="2" branch="false" />
                <line number="45" hits="1" branch="false" />
                <line number="46" hits="1" branch="false" />
              </lines>
            </method>
            <method name="ValidateShouldErrorIfFolderSelectedFolderDoesNotExist" signature="()" line-rate="1" branch-rate="1" complexity="1">
              <lines>
                <line number="51" hits="1" branch="false" />
                <line number="52" hits="1" branch="false" />
                <line number="53" hits="1" branch="false" />
                <line number="54" hits="1" branch="false" />
                <line number="55" hits="1" branch="false" />
                <line number="56" hits="1" branch="false" />
                <line number="58" hits="2" branch="false" />
                <line number="59" hits="1" branch="false" />
                <line number="60" hits="1" branch="false" />
              </lines>
            </method>
            <method name="ValidateShouldErrorIfFileSelectedAndNoFilename" signature="()" line-rate="1" branch-rate="1" complexity="1">
              <lines>
                <line number="65" hits="1" branch="false" />
                <line number="66" hits="1" branch="false" />
                <line number="67" hits="1" branch="false" />
                <line number="68" hits="1" branch="false" />
                <line number="69" hits="1" branch="false" />
                <line number="71" hits="2" branch="false" />
                <line number="72" hits="1" branch="false" />
                <line number="73" hits="1" branch="false" />
              </lines>
            </method>
            <method name="ValidateShouldErrorIfFileSelectedFileDoesNotExist" signature="()" line-rate="1" branch-rate="1" complexity="1">
              <lines>
                <line number="78" hits="1" branch="false" />
                <line number="79" hits="1" branch="false" />
                <line number="80" hits="1" branch="false" />
                <line number="81" hits="1" branch="false" />
                <line number="82" hits="1" branch="false" />
                <line number="83" hits="1" branch="false" />
                <line number="85" hits="2" branch="false" />
                <line number="86" hits="1" branch="false" />
                <line number="87" hits="1" branch="false" />
              </lines>
            </method>
            <method name="ValidateShouldPassWithCorrectData" signature="()" line-rate="1" branch-rate="1" complexity="1">
              <lines>
                <line number="92" hits="1" branch="false" />
                <line number="93" hits="1" branch="false" />
                <line number="94" hits="1" branch="false" />
                <line number="95" hits="1" branch="false" />
                <line number="96" hits="1" branch="false" />
                <line number="97" hits="1" branch="false" />
                <line number="99" hits="2" branch="false" />
                <line number="100" hits="1" branch="false" />
                <line number="101" hits="1" branch="false" />
              </lines>
            </method>
          </methods>
          <lines>
            <line number="11" hits="1" branch="false" />
            <line number="12" hits="1" branch="false" />
            <line number="13" hits="1" branch="false" />
            <line number="14" hits="1" branch="false" />
            <line number="15" hits="1" branch="false" />
            <line number="17" hits="2" branch="false" />
            <line number="18" hits="1" branch="false" />
            <line number="19" hits="1" branch="false" />
            <line number="24" hits="1" branch="false" />
            <line number="25" hits="1" branch="false" />
            <line number="26" hits="1" branch="false" />
            <line number="27" hits="1" branch="false" />
            <line number="28" hits="1" branch="false" />
            <line number="29" hits="1" branch="false" />
            <line number="31" hits="2" branch="false" />
            <line number="32" hits="1" branch="false" />
            <line number="33" hits="1" branch="false" />
            <line number="38" hits="1" branch="false" />
            <line number="39" hits="1" branch="false" />
            <line number="40" hits="1" branch="false" />
            <line number="41" hits="1" branch="false" />
            <line number="42" hits="1" branch="false" />
            <line number="44" hits="2" branch="false" />
            <line number="45" hits="1" branch="false" />
            <line number="46" hits="1" branch="false" />
            <line number="51" hits="1" branch="false" />
            <line number="52" hits="1" branch="false" />
            <line number="53" hits="1" branch="false" />
            <line number="54" hits="1" branch="false" />
            <line number="55" hits="1" branch="false" />
            <line number="56" hits="1" branch="false" />
            <line number="58" hits="2" branch="false" />
            <line number="59" hits="1" branch="false" />
            <line number="60" hits="1" branch="false" />
            <line number="65" hits="1" branch="false" />
            <line number="66" hits="1" branch="false" />
            <line number="67" hits="1" branch="false" />
            <line number="68" hits="1" branch="false" />
            <line number="69" hits="1" branch="false" />
            <line number="71" hits="2" branch="false" />
            <line number="72" hits="1" branch="false" />
            <line number="73" hits="1" branch="false" />
            <line number="78" hits="1" branch="false" />
            <line number="79" hits="1" branch="false" />
            <line number="80" hits="1" branch="false" />
            <line number="81" hits="1" branch="false" />
            <line number="82" hits="1" branch="false" />
            <line number="83" hits="1" branch="false" />
            <line number="85" hits="2" branch="false" />
            <line number="86" hits="1" branch="false" />
            <line number="87" hits="1" branch="false" />
            <line number="92" hits="1" branch="false" />
            <line number="93" hits="1" branch="false" />
            <line number="94" hits="1" branch="false" />
            <line number="95" hits="1" branch="false" />
            <line number="96" hits="1" branch="false" />
            <line number="97" hits="1" branch="false" />
            <line number="99" hits="2" branch="false" />
            <line number="100" hits="1" branch="false" />
            <line number="101" hits="1" branch="false" />
          </lines>
        </class>
        <class name="ReportGen.Tests.JsonHelperTests" filename="C:\dev\WalkingClubAdmin\ReportGen.Tests\JsonHelperTests.cs" line-rate="1" branch-rate="1" complexity="11">
          <methods>
            <method name="FindStringShouldReturnTheSpecifiedString" signature="()" line-rate="1" branch-rate="1" complexity="1">
              <lines>
                <line number="17" hits="1" branch="false" />
                <line number="19" hits="1" branch="false" />
                <line number="20" hits="1" branch="false" />
              </lines>
            </method>
            <method name="FindStringShouldReturnNullIfKeyNotFound" signature="()" line-rate="1" branch-rate="1" complexity="1">
              <lines>
                <line number="27" hits="1" branch="false" />
                <line number="29" hits="1" branch="false" />
                <line number="30" hits="1" branch="false" />
              </lines>
            </method>
            <method name="FindDateShouldReturnTheSpecifiedValue" signature="()" line-rate="1" branch-rate="1" complexity="1">
              <lines>
                <line number="37" hits="1" branch="false" />
                <line number="39" hits="1" branch="false" />
                <line number="40" hits="1" branch="false" />
              </lines>
            </method>
            <method name="FindDateShouldReturnTheSpecifiedValueWithDifferentSpacing" signature="()" line-rate="1" branch-rate="1" complexity="1">
              <lines>
                <line number="47" hits="1" branch="false" />
                <line number="49" hits="1" branch="false" />
                <line number="50" hits="1" branch="false" />
              </lines>
            </method>
            <method name="FindDateShouldReturnNullIfKeyNotFound" signature="()" line-rate="1" branch-rate="1" complexity="1">
              <lines>
                <line number="57" hits="1" branch="false" />
                <line number="59" hits="1" branch="false" />
                <line number="60" hits="1" branch="false" />
              </lines>
            </method>
            <method name="FindArrayShouldReturnAStringArray" signature="()" line-rate="1" branch-rate="1" complexity="1">
              <lines>
                <line number="67" hits="1" branch="false" />
                <line number="69" hits="1" branch="false" />
                <line number="70" hits="1" branch="false" />
                <line number="71" hits="1" branch="false" />
                <line number="72" hits="1" branch="false" />
                <line number="73" hits="1" branch="false" />
              </lines>
            </method>
            <method name="FindArrayShouldHandleOtherChars" signature="()" line-rate="1" branch-rate="1" complexity="1">
              <lines>
                <line number="80" hits="1" branch="false" />
                <line number="82" hits="1" branch="false" />
                <line number="83" hits="1" branch="false" />
              </lines>
            </method>
            <method name="FindArrayShouldReturnAStringArrayHandlingLineBreaks" signature="()" line-rate="1" branch-rate="1" complexity="1">
              <lines>
                <line number="90" hits="1" branch="false" />
                <line number="92" hits="1" branch="false" />
                <line number="93" hits="1" branch="false" />
                <line number="94" hits="1" branch="false" />
                <line number="95" hits="1" branch="false" />
                <line number="96" hits="1" branch="false" />
              </lines>
            </method>
            <method name="CreatePhotoSetsShouldCreatePhotoSetWithSinglePhoto" signature="()" line-rate="1" branch-rate="1" complexity="1">
              <lines>
                <line number="103" hits="1" branch="false" />
                <line number="105" hits="1" branch="false" />
                <line number="106" hits="1" branch="false" />
                <line number="107" hits="1" branch="false" />
                <line number="108" hits="1" branch="false" />
                <line number="109" hits="1" branch="false" />
              </lines>
            </method>
            <method name="CreatePhotoSetsShouldReturnNullIfNoElement" signature="()" line-rate="1" branch-rate="1" complexity="1">
              <lines>
                <line number="116" hits="1" branch="false" />
                <line number="118" hits="1" branch="false" />
                <line number="119" hits="1" branch="false" />
              </lines>
            </method>
            <method name="CreatePhotoSetsShouldCreatePhotoSetWithMultiplePhotos" signature="()" line-rate="1" branch-rate="1" complexity="1">
              <lines>
                <line number="126" hits="1" branch="false" />
                <line number="128" hits="1" branch="false" />
                <line number="129" hits="1" branch="false" />
                <line number="130" hits="1" branch="false" />
                <line number="131" hits="1" branch="false" />
                <line number="132" hits="1" branch="false" />
              </lines>
            </method>
          </methods>
          <lines>
            <line number="17" hits="1" branch="false" />
            <line number="19" hits="1" branch="false" />
            <line number="20" hits="1" branch="false" />
            <line number="27" hits="1" branch="false" />
            <line number="29" hits="1" branch="false" />
            <line number="30" hits="1" branch="false" />
            <line number="37" hits="1" branch="false" />
            <line number="39" hits="1" branch="false" />
            <line number="40" hits="1" branch="false" />
            <line number="47" hits="1" branch="false" />
            <line number="49" hits="1" branch="false" />
            <line number="50" hits="1" branch="false" />
            <line number="57" hits="1" branch="false" />
            <line number="59" hits="1" branch="false" />
            <line number="60" hits="1" branch="false" />
            <line number="67" hits="1" branch="false" />
            <line number="69" hits="1" branch="false" />
            <line number="70" hits="1" branch="false" />
            <line number="71" hits="1" branch="false" />
            <line number="72" hits="1" branch="false" />
            <line number="73" hits="1" branch="false" />
            <line number="80" hits="1" branch="false" />
            <line number="82" hits="1" branch="false" />
            <line number="83" hits="1" branch="false" />
            <line number="90" hits="1" branch="false" />
            <line number="92" hits="1" branch="false" />
            <line number="93" hits="1" branch="false" />
            <line number="94" hits="1" branch="false" />
            <line number="95" hits="1" branch="false" />
            <line number="96" hits="1" branch="false" />
            <line number="103" hits="1" branch="false" />
            <line number="105" hits="1" branch="false" />
            <line number="106" hits="1" branch="false" />
            <line number="107" hits="1" branch="false" />
            <line number="108" hits="1" branch="false" />
            <line number="109" hits="1" branch="false" />
            <line number="116" hits="1" branch="false" />
            <line number="118" hits="1" branch="false" />
            <line number="119" hits="1" branch="false" />
            <line number="126" hits="1" branch="false" />
            <line number="128" hits="1" branch="false" />
            <line number="129" hits="1" branch="false" />
            <line number="130" hits="1" branch="false" />
            <line number="131" hits="1" branch="false" />
            <line number="132" hits="1" branch="false" />
          </lines>
        </class>
        <class name="ReportGen.Tests.PhotoServiceTests" filename="C:\dev\WalkingClubAdmin\ReportGen.Tests\PhotoServiceTests.cs" line-rate="1" branch-rate="1" complexity="3">
          <methods>
            <method name="StripPathFromFilenameShouldStripPath" signature="()" line-rate="1" branch-rate="1" complexity="1">
              <lines>
                <line number="10" hits="1" branch="false" />
                <line number="12" hits="1" branch="false" />
                <line number="13" hits="1" branch="false" />
              </lines>
            </method>
            <method name="StripPathFromFilenameShouldReturnFilenameIfNoPath" signature="()" line-rate="1" branch-rate="1" complexity="1">
              <lines>
                <line number="18" hits="1" branch="false" />
                <line number="20" hits="1" branch="false" />
                <line number="21" hits="1" branch="false" />
              </lines>
            </method>
            <method name="StripPathFromFilenameShouldHandleNulls" signature="()" line-rate="1" branch-rate="1" complexity="1">
              <lines>
                <line number="26" hits="1" branch="false" />
                <line number="28" hits="1" branch="false" />
                <line number="29" hits="1" branch="false" />
              </lines>
            </method>
          </methods>
          <lines>
            <line number="10" hits="1" branch="false" />
            <line number="12" hits="1" branch="false" />
            <line number="13" hits="1" branch="false" />
            <line number="18" hits="1" branch="false" />
            <line number="20" hits="1" branch="false" />
            <line number="21" hits="1" branch="false" />
            <line number="26" hits="1" branch="false" />
            <line number="28" hits="1" branch="false" />
            <line number="29" hits="1" branch="false" />
          </lines>
        </class>
        <class name="ReportGen.Tests.ReportDataTests" filename="C:\dev\WalkingClubAdmin\ReportGen.Tests\ReportDataTests.cs" line-rate="1" branch-rate="1" complexity="16">
          <methods>
            <method name="ShouldInitialisePhotosList" signature="()" line-rate="1" branch-rate="1" complexity="1">
              <lines>
                <line number="12" hits="1" branch="false" />
                <line number="14" hits="1" branch="false" />
                <line number="15" hits="1" branch="false" />
              </lines>
            </method>
            <method name="ShouldThrowExceptionIfDifferentNumbersOfFilesAndCaptions" signature="()" line-rate="1" branch-rate="1" complexity="1">
              <lines>
                <line number="20" hits="1" branch="false" />
                <line number="21" hits="1" branch="false" />
                <line number="22" hits="1" branch="false" />
                <line number="24" hits="2" branch="false" />
                <line number="25" hits="1" branch="false" />
                <line number="26" hits="1" branch="false" />
              </lines>
            </method>
            <method name="ShouldThrowExceptionIfDifferentNumbersOfFilesAndPhotographers" signature="()" line-rate="1" branch-rate="1" complexity="1">
              <lines>
                <line number="31" hits="1" branch="false" />
                <line number="32" hits="1" branch="false" />
                <line number="33" hits="1" branch="false" />
                <line number="35" hits="2" branch="false" />
                <line number="36" hits="1" branch="false" />
                <line number="37" hits="1" branch="false" />
              </lines>
            </method>
            <method name="ValidateShouldErrorIfNoId" signature="()" line-rate="1" branch-rate="1" complexity="1">
              <lines>
                <line number="42" hits="1" branch="false" />
                <line number="44" hits="2" branch="false" />
                <line number="45" hits="1" branch="false" />
                <line number="46" hits="1" branch="false" />
              </lines>
            </method>
            <method name="ValidateShouldErrorIfNoTitle" signature="()" line-rate="1" branch-rate="1" complexity="1">
              <lines>
                <line number="51" hits="1" branch="false" />
                <line number="52" hits="1" branch="false" />
                <line number="53" hits="1" branch="false" />
                <line number="54" hits="1" branch="false" />
                <line number="56" hits="2" branch="false" />
                <line number="57" hits="1" branch="false" />
                <line number="58" hits="1" branch="false" />
              </lines>
            </method>
            <method name="ValidateShouldErrorIfNoEndDateAndGroup" signature="()" line-rate="1" branch-rate="1" complexity="1">
              <lines>
                <line number="63" hits="1" branch="false" />
                <line number="64" hits="1" branch="false" />
                <line number="65" hits="1" branch="false" />
                <line number="66" hits="1" branch="false" />
                <line number="67" hits="1" branch="false" />
                <line number="68" hits="1" branch="false" />
                <line number="69" hits="1" branch="false" />
                <line number="71" hits="2" branch="false" />
                <line number="72" hits="1" branch="false" />
                <line number="73" hits="1" branch="false" />
              </lines>
            </method>
            <method name="ValidateShouldErrorIfEndDateBeforeDate" signature="()" line-rate="1" branch-rate="1" complexity="1">
              <lines>
                <line number="78" hits="1" branch="false" />
                <line number="79" hits="1" branch="false" />
                <line number="80" hits="1" branch="false" />
                <line number="81" hits="1" branch="false" />
                <line number="82" hits="1" branch="false" />
                <line number="83" hits="1" branch="false" />
                <line number="84" hits="1" branch="false" />
                <line number="85" hits="1" branch="false" />
                <line number="87" hits="2" branch="false" />
                <line number="88" hits="1" branch="false" />
                <line number="89" hits="1" branch="false" />
              </lines>
            </method>
            <method name="ValidateShouldErrorIfEndDateAfterToday" signature="()" line-rate="1" branch-rate="1" complexity="1">
              <lines>
                <line number="94" hits="1" branch="false" />
                <line number="95" hits="1" branch="false" />
                <line number="96" hits="1" branch="false" />
                <line number="97" hits="1" branch="false" />
                <line number="98" hits="1" branch="false" />
                <line number="99" hits="1" branch="false" />
                <line number="100" hits="1" branch="false" />
                <line number="101" hits="1" branch="false" />
                <line number="103" hits="2" branch="false" />
                <line number="104" hits="1" branch="false" />
                <line number="105" hits="1" branch="false" />
              </lines>
            </method>
            <method name="ValidateShouldErrorIfNoDate" signature="()" line-rate="1" branch-rate="1" complexity="1">
              <lines>
                <line number="110" hits="1" branch="false" />
                <line number="111" hits="1" branch="false" />
                <line number="112" hits="1" branch="false" />
                <line number="113" hits="1" branch="false" />
                <line number="114" hits="1" branch="false" />
                <line number="116" hits="2" branch="false" />
                <line number="117" hits="1" branch="false" />
                <line number="118" hits="1" branch="false" />
              </lines>
            </method>
            <method name="ValidateShouldErrorIfDateBefore1stJan2000" signature="()" line-rate="1" branch-rate="1" complexity="1">
              <lines>
                <line number="123" hits="1" branch="false" />
                <line number="124" hits="1" branch="false" />
                <line number="125" hits="1" branch="false" />
                <line number="126" hits="1" branch="false" />
                <line number="127" hits="1" branch="false" />
                <line number="128" hits="1" branch="false" />
                <line number="130" hits="2" branch="false" />
                <line number="131" hits="1" branch="false" />
                <line number="132" hits="1" branch="false" />
              </lines>
            </method>
            <method name="ValidateShouldErrorIfDateAfterToday" signature="()" line-rate="1" branch-rate="1" complexity="1">
              <lines>
                <line number="137" hits="1" branch="false" />
                <line number="138" hits="1" branch="false" />
                <line number="139" hits="1" branch="false" />
                <line number="140" hits="1" branch="false" />
                <line number="141" hits="1" branch="false" />
                <line number="142" hits="1" branch="false" />
                <line number="144" hits="2" branch="false" />
                <line number="145" hits="1" branch="false" />
                <line number="146" hits="1" branch="false" />
              </lines>
            </method>
            <method name="ValidateShouldErrorIfInvalidSubjectType" signature="()" line-rate="1" branch-rate="1" complexity="1">
              <lines>
                <line number="151" hits="1" branch="false" />
                <line number="152" hits="1" branch="false" />
                <line number="153" hits="1" branch="false" />
                <line number="154" hits="1" branch="false" />
                <line number="155" hits="1" branch="false" />
                <line number="156" hits="1" branch="false" />
                <line number="157" hits="1" branch="false" />
                <line number="159" hits="2" branch="false" />
                <line number="160" hits="1" branch="false" />
                <line number="161" hits="1" branch="false" />
              </lines>
            </method>
            <method name="ValidateShouldReturnTrueIfSuccessful" signature="()" line-rate="1" branch-rate="1" complexity="1">
              <lines>
                <line number="165" hits="1" branch="false" />
                <line number="166" hits="1" branch="false" />
                <line number="167" hits="1" branch="false" />
                <line number="168" hits="1" branch="false" />
                <line number="169" hits="1" branch="false" />
                <line number="170" hits="1" branch="false" />
                <line number="172" hits="1" branch="false" />
                <line number="173" hits="1" branch="false" />
                <line number="174" hits="1" branch="false" />
[...]
            <line number="77" hits="1" branch="false" />
            <line number="78" hits="1" branch="false" />
            <line number="79" hits="1" branch="false" />
            <line number="80" hits="1" branch="false" />
            <line number="81" hits="1" branch="false" />
            <line number="82" hits="1" branch="false" />
            <line number="83" hits="1" branch="false" />
            <line number="84" hits="1" branch="false" />
            <line number="85" hits="1" branch="false" />
            <line number="86" hits="1" branch="false" />
            <line number="87" hits="1" branch="false" />
            <line number="92" hits="1" branch="false" />
            <line number="93" hits="1" branch="false" />
            <line number="94" hits="1" branch="false" />
            <line number="95" hits="1" branch="false" />
            <line number="96" hits="1" branch="false" />
            <line number="97" hits="1" branch="false" />
            <line number="98" hits="1" branch="false" />
            <line number="99" hits="1" branch="false" />
            <line number="100" hits="1" branch="false" />
            <line number="101" hits="1" branch="false" />
            <line number="103" hits="1" branch="false" />
            <line number="104" hits="1" branch="false" />
            <line number="106" hits="1" branch="false" />
            <line number="107" hits="1" branch="false" />
            <line number="108" hits="1" branch="false" />
            <line number="109" hits="1" branch="false" />
            <line number="110" hits="1" branch="false" />
            <line number="111" hits="1" branch="false" />
            <line number="112" hits="1" branch="false" />
            <line number="113" hits="1" branch="false" />
            <line number="114" hits="1" branch="false" />
            <line number="115" hits="1" branch="false" />
            <line number="116" hits="1" branch="false" />
            <line number="117" hits="1" branch="false" />
            <line number="124" hits="1" branch="false" />
            <line number="125" hits="1" branch="false" />
            <line number="126" hits="1" branch="false" />
            <line number="127" hits="1" branch="false" />
            <line number="129" hits="1" branch="false" />
            <line number="130" hits="1" branch="false" />
            <line number="132" hits="1" branch="false" />
            <line number="133" hits="1" branch="false" />
            <line number="138" hits="1" branch="false" />
            <line number="139" hits="1" branch="false" />
            <line number="140" hits="1" branch="false" />
            <line number="142" hits="1" branch="false" />
            <line number="143" hits="1" branch="false" />
            <line number="144" hits="1" branch="false" />
            <line number="146" hits="1" branch="false" />
            <line number="147" hits="1" branch="false" />
          </lines>
        </class>
        <class name="ReportGen.Tests.ReportToMarkDownTests" filename="C:\dev\WalkingClubAdmin\ReportGen.Tests\ReportToMarkDownTests.cs" line-rate="0.939393939393939" branch-rate="1" complexity="5">
          <methods>
            <method name="ShouldPopulateWalkFrontMatter" signature="()" line-rate="1" branch-rate="1" complexity="1">
              <lines>
                <line number="12" hits="1" branch="false" />
                <line number="13" hits="1" branch="false" />
                <line number="14" hits="1" branch="false" />
                <line number="15" hits="1" branch="false" />
                <line number="16" hits="1" branch="false" />
                <line number="17" hits="1" branch="false" />
                <line number="18" hits="1" branch="false" />
                <line number="19" hits="1" branch="false" />
                <line number="20" hits="1" branch="false" />
                <line number="21" hits="1" branch="false" />
                <line number="22" hits="1" branch="false" />
                <line number="23" hits="1" branch="false" />
                <line number="24" hits="1" branch="false" />
                <line number="25" hits="1" branch="false" />
                <line number="26" hits="1" branch="false" />
                <line number="28" hits="1" branch="false" />
                <line number="29" hits="1" branch="false" />
                <line number="30" hits="1" branch="false" />
                <line number="32" hits="1" branch="false" />
                <line number="33" hits="1" branch="false" />
                <line number="34" hits="1" branch="false" />
                <line number="35" hits="1" branch="false" />
                <line number="36" hits="1" branch="false" />
                <line number="37" hits="1" branch="false" />
                <line number="38" hits="1" branch="false" />
                <line number="39" hits="1" branch="false" />
                <line number="40" hits="1" branch="false" />
                <line number="41" hits="1" branch="false" />
              </lines>
            </method>
            <method name="ShouldPopulateGroupFrontMatter" signature="()" line-rate="1" branch-rate="1" complexity="1">
              <lines>
                <line number="46" hits="1" branch="false" />
                <line number="47" hits="1" branch="false" />
                <line number="48" hits="1" branch="false" />
                <line number="49" hits="1" branch="false" />
                <line number="50" hits="1" branch="false" />
                <line number="51" hits="1" branch="false" />
                <line number="52" hits="1" branch="false" />
                <line number="53" hits="1" branch="false" />
                <line number="54" hits="1" branch="false" />
                <line number="56" hits="1" branch="false" />
                <line number="57" hits="1" branch="false" />
                <line number="58" hits="1" branch="false" />
                <line number="60" hits="1" branch="false" />
                <line number="61" hits="1" branch="false" />
                <line number="62" hits="1" branch="false" />
                <line number="63" hits="1" branch="false" />
                <line number="64" hits="1" branch="false" />
                <line number="65" hits="1" branch="false" />
                <line number="66" hits="1" branch="false" />
                <line number="67" hits="1" branch="false" />
                <line number="68" hits="1" branch="false" />
                <line number="69" hits="1" branch="false" />
                <line number="70" hits="1" branch="false" />
              </lines>
            </method>
            <method name="ShouldPopulateChildFrontMatter" signature="()" line-rate="1" branch-rate="1" complexity="1">
              <lines>
                <line number="75" hits="1" branch="false" />
                <line number="76" hits="1" branch="false" />
                <line number="77" hits="1" branch="false" />
                <line number="78" hits="1" branch="false" />
                <line number="79" hits="1" branch="false" />
                <line number="80" hits="1" branch="false" />
                <line number="81" hits="1" branch="false" />
                <line number="82" hits="1" branch="false" />
                <line number="83" hits="1" branch="false" />
                <line number="84" hits="1" branch="false" />
                <line number="85" hits="1" branch="false" />
                <line number="86" hits="1" branch="false" />
                <line number="87" hits="1" branch="false" />
                <line number="88" hits="1" branch="false" />
                <line number="89" hits="1" branch="false" />
                <line number="90" hits="1" branch="false" />
                <line number="92" hits="1" branch="false" />
                <line number="93" hits="1" branch="false" />
                <line number="94" hits="1" branch="false" />
                <line number="96" hits="1" branch="false" />
                <line number="97" hits="1" branch="false" />
                <line number="98" hits="1" branch="false" />
                <line number="99" hits="1" branch="false" />
                <line number="100" hits="1" branch="false" />
                <line number="101" hits="1" branch="false" />
                <line number="102" hits="1" branch="false" />
                <line number="103" hits="1" branch="false" />
                <line number="104" hits="1" branch="false" />
                <line number="105" hits="1" branch="false" />
                <line number="106" hits="1" branch="false" />
              </lines>
            </method>
            <method name="ShouldGenerateBodyOfReport" signature="()" line-rate="0.777777777777778" branch-rate="1" complexity="1">
              <lines>
                <line number="111" hits="1" branch="false" />
                <line number="112" hits="1" branch="false" />
                <line number="113" hits="1" branch="false" />
                <line number="114" hits="1" branch="false" />
                <line number="115" hits="1" branch="false" />
                <line number="116" hits="1" branch="false" />
                <line number="117" hits="1" branch="false" />
                <line number="118" hits="1" branch="false" />
                <line number="119" hits="1" branch="false" />
                <line number="120" hits="1" branch="false" />
                <line number="121" hits="1" branch="false" />
                <line number="122" hits="1" branch="false" />
                <line number="123" hits="1" branch="false" />
                <line number="124" hits="1" branch="false" />
                <line number="125" hits="1" branch="false" />
                <line number="127" hits="1" branch="false" />
                <line number="128" hits="1" branch="false" />
                <line number="129" hits="1" branch="false" />
                <line number="131" hits="1" branch="false" />
                <line number="132" hits="1" branch="false" />
                <line number="133" hits="1" branch="false" />
                <line number="134" hits="1" branch="false" />
                <line number="135" hits="1" branch="false" />
                <line number="136" hits="1" branch="false" />
                <line number="137" hits="1" branch="false" />
                <line number="138" hits="1" branch="false" />
                <line number="139" hits="1" branch="false" />
                <line number="140" hits="1" branch="false" />
                <line number="141" hits="0" branch="false" />
                <line number="142" hits="0" branch="false" />
                <line number="143" hits="0" branch="false" />
                <line number="144" hits="0" branch="false" />
                <line number="145" hits="0" branch="false" />
                <line number="146" hits="0" branch="false" />
                <line number="147" hits="0" branch="false" />
                <line number="148" hits="0" branch="false" />
              </lines>
            </method>
            <method name="ShouldNotIncludeAuthorOrRatingInGroupReports" signature="()" line-rate="1" branch-rate="1" complexity="1">
              <lines>
                <line number="153" hits="1" branch="false" />
                <line number="154" hits="1" branch="false" />
                <line number="155" hits="1" branch="false" />
                <line number="156" hits="1" branch="false" />
                <line number="157" hits="1" branch="false" />
                <line number="158" hits="1" branch="false" />
                <line number="159" hits="1" branch="false" />
                <line number="160" hits="1" branch="false" />
                <line number="161" hits="1" branch="false" />
                <line number="163" hits="1" branch="false" />
                <line number="164" hits="1" branch="false" />
                <line number="165" hits="1" branch="false" />
                <line number="167" hits="11" branch="false" />
                <line number="168" hits="11" branch="false" />
                <line number="169" hits="1" branch="false" />
              </lines>
            </method>
          </methods>
          <lines>
            <line number="12" hits="1" branch="false" />
            <line number="13" hits="1" branch="false" />
            <line number="14" hits="1" branch="false" />
            <line number="15" hits="1" branch="false" />
            <line number="16" hits="1" branch="false" />
            <line number="17" hits="1" branch="false" />
            <line number="18" hits="1" branch="false" />
            <line number="19" hits="1" branch="false" />
            <line number="20" hits="1" branch="false" />
            <line number="21" hits="1" branch="false" />
            <line number="22" hits="1" branch="false" />
            <line number="23" hits="1" branch="false" />
            <line number="24" hits="1" branch="false" />
            <line number="25" hits="1" branch="false" />
            <line number="26" hits="1" branch="false" />
            <line number="28" hits="1" branch="false" />
            <line number="29" hits="1" branch="false" />
            <line number="30" hits="1" branch="false" />
            <line number="32" hits="1" branch="false" />
            <line number="33" hits="1" branch="false" />
            <line number="34" hits="1" branch="false" />
            <line number="35" hits="1" branch="false" />
            <line number="36" hits="1" branch="false" />
            <line number="37" hits="1" branch="false" />
            <line number="38" hits="1" branch="false" />
            <line number="39" hits="1" branch="false" />
            <line number="40" hits="1" branch="false" />
            <line number="41" hits="1" branch="false" />
            <line number="46" hits="1" branch="false" />
            <line number="47" hits="1" branch="false" />
            <line number="48" hits="1" branch="false" />
            <line number="49" hits="1" branch="false" />
            <line number="50" hits="1" branch="false" />
            <line number="51" hits="1" branch="false" />
            <line number="52" hits="1" branch="false" />
            <line number="53" hits="1" branch="false" />
            <line number="54" hits="1" branch="false" />
            <line number="56" hits="1" branch="false" />
            <line number="57" hits="1" branch="false" />
            <line number="58" hits="1" branch="false" />
            <line number="60" hits="1" branch="false" />
            <line number="61" hits="1" branch="false" />
            <line number="62" hits="1" branch="false" />
            <line number="63" hits="1" branch="false" />
            <line number="64" hits="1" branch="false" />
            <line number="65" hits="1" branch="false" />
            <line number="66" hits="1" branch="false" />
            <line number="67" hits="1" branch="false" />
            <line number="68" hits="1" branch="false" />
            <line number="69" hits="1" branch="false" />
            <line number="70" hits="1" branch="false" />
            <line number="75" hits="1" branch="false" />
            <line number="76" hits="1" branch="false" />
            <line number="77" hits="1" branch="false" />
            <line number="78" hits="1" branch="false" />
            <line number="79" hits="1" branch="false" />
            <line number="80" hits="1" branch="false" />
            <line number="81" hits="1" branch="false" />
            <line number="82" hits="1" branch="false" />
            <line number="83" hits="1" branch="false" />
            <line number="84" hits="1" branch="false" />
            <line number="85" hits="1" branch="false" />
            <line number="86" hits="1" branch="false" />
            <line number="87" hits="1" branch="false" />
            <line number="88" hits="1" branch="false" />
            <line number="89" hits="1" branch="false" />
            <line number="90" hits="1" branch="false" />
            <line number="92" hits="1" branch="false" />
            <line number="93" hits="1" branch="false" />
            <line number="94" hits="1" branch="false" />
            <line number="96" hits="1" branch="false" />
            <line number="97" hits="1" branch="false" />
            <line number="98" hits="1" branch="false" />
            <line number="99" hits="1" branch="false" />
            <line number="100" hits="1" branch="false" />
            <line number="101" hits="1" branch="false" />
            <line number="102" hits="1" branch="false" />
            <line number="103" hits="1" branch="false" />
            <line number="104" hits="1" branch="false" />
            <line number="105" hits="1" branch="false" />
            <line number="106" hits="1" branch="false" />
            <line number="111" hits="1" branch="false" />
            <line number="112" hits="1" branch="false" />
            <line number="113" hits="1" branch="false" />
            <line number="114" hits="1" branch="false" />
            <line number="115" hits="1" branch="false" />
            <line number="116" hits="1" branch="false" />
            <line number="117" hits="1" branch="false" />
            <line number="118" hits="1" branch="false" />
            <line number="119" hits="1" branch="false" />
            <line number="120" hits="1" branch="false" />
            <line number="121" hits="1" branch="false" />
            <line number="122" hits="1" branch="false" />
            <line number="123" hits="1" branch="false" />
            <line number="124" hits="1" branch="false" />
            <line number="125" hits="1" branch="false" />
            <line number="127" hits="1" branch="false" />
            <line number="128" hits="1" branch="false" />
            <line number="129" hits="1" branch="false" />
            <line number="131" hits="1" branch="false" />
            <line number="132" hits="1" branch="false" />
            <line number="133" hits="1" branch="false" />
            <line number="134" hits="1" branch="false" />
            <line number="135" hits="1" branch="false" />
            <line number="136" hits="1" branch="false" />
            <line number="137" hits="1" branch="false" />
            <line number="138" hits="1" branch="false" />
            <line number="139" hits="1" branch="false" />
            <line number="140" hits="1" branch="false" />
            <line number="141" hits="0" branch="false" />
            <line number="142" hits="0" branch="false" />
            <line number="143" hits="0" branch="false" />
            <line number="144" hits="0" branch="false" />
            <line number="145" hits="0" branch="false" />
            <line number="146" hits="0" branch="false" />
            <line number="147" hits="0" branch="false" />
            <line number="148" hits="0" branch="false" />
            <line number="153" hits="1" branch="false" />
            <line number="154" hits="1" branch="false" />
            <line number="155" hits="1" branch="false" />
            <line number="156" hits="1" branch="false" />
            <line number="157" hits="1" branch="false" />
            <line number="158" hits="1" branch="false" />
            <line number="159" hits="1" branch="false" />
            <line number="160" hits="1" branch="false" />
            <line number="161" hits="1" branch="false" />
            <line number="163" hits="1" branch="false" />
            <line number="164" hits="1" branch="false" />
            <line number="165" hits="1" branch="false" />
            <line number="167" hits="11" branch="false" />
            <line number="168" hits="11" branch="false" />
            <line number="169" hits="1" branch="false" />
          </lines>
        </class>
      </classes>
    </package>
  </packages>
</coverage>